1499084396675	geckodriver	INFO	Listening on 127.0.0.1:50887
1499084397674	mozprofile::profile	INFO	Using profile path /tmp/rust_mozprofile.AvwlQEgXCoLF
1499084397675	geckodriver::marionette	INFO	Starting browser /usr/bin/firefox
1499084397677	geckodriver::marionette	INFO	Connecting to Marionette on localhost:36391
1499084398231	Marionette	WARN	Deprecated preference marionette.defaultPrefs.enabled detected, please use marionette.enabled
1499084401425	Marionette	INFO	Listening on port 36391
1499084401591	Marionette	WARN	TLS certificate errors will be ignored for this session
1499084479113	Marionette	INFO	New connections will no longer be accepted
1499084553570	geckodriver	INFO	Listening on 127.0.0.1:59075
1499084554570	mozprofile::profile	INFO	Using profile path /tmp/rust_mozprofile.XDxLFhpTs7AC
1499084554571	geckodriver::marionette	INFO	Starting browser /usr/bin/firefox
1499084554573	geckodriver::marionette	INFO	Connecting to Marionette on localhost:45157
1499084555137	Marionette	WARN	Deprecated preference marionette.defaultPrefs.enabled detected, please use marionette.enabled
1499084558459	Marionette	INFO	Listening on port 45157
1499084558512	Marionette	WARN	TLS certificate errors will be ignored for this session
1499084638083	addons.productaddons	WARN	Failed downloading XML, status: 0, reason: timeout
JavaScript error: https://www.instagram.com/static/bundles/en_US_LoginAndSignupPage.js/4fe9620ea773.js, line 1: ReferenceError: webpackJsonp is not defined
1499084657570	Marionette	INFO	New connections will no longer be accepted
1499158438811	geckodriver	INFO	Listening on 127.0.0.1:56759
1499158439758	mozprofile::profile	INFO	Using profile path /tmp/rust_mozprofile.HvYXfvwfNVOH
1499158439759	geckodriver::marionette	INFO	Starting browser /usr/bin/firefox
1499158439761	geckodriver::marionette	INFO	Connecting to Marionette on localhost:37309
1499158440381	Marionette	WARN	Deprecated preference marionette.defaultPrefs.enabled detected, please use marionette.enabled
1499158448331	Marionette	INFO	Listening on port 37309
1499158448424	Marionette	WARN	TLS certificate errors will be ignored for this session
1499158494818	Marionette	INFO	New connections will no longer be accepted
1499158595550	geckodriver	INFO	Listening on 127.0.0.1:43701
1499158596550	mozprofile::profile	INFO	Using profile path /tmp/rust_mozprofile.Z2ahMAk2yTEw
1499158596551	geckodriver::marionette	INFO	Starting browser /usr/bin/firefox
1499158596554	geckodriver::marionette	INFO	Connecting to Marionette on localhost:37077
1499158597402	Marionette	WARN	Deprecated preference marionette.defaultPrefs.enabled detected, please use marionette.enabled
1499158601033	Marionette	INFO	Listening on port 37077
1499158601092	Marionette	WARN	TLS certificate errors will be ignored for this session
1499158636807	Marionette	INFO	New connections will no longer be accepted
1499161170659	geckodriver	INFO	Listening on 127.0.0.1:46937
1499161171659	mozprofile::profile	INFO	Using profile path /tmp/rust_mozprofile.gvzNShyncvVa
1499161171660	geckodriver::marionette	INFO	Starting browser /usr/bin/firefox
1499161171662	geckodriver::marionette	INFO	Connecting to Marionette on localhost:34859
1499161172227	Marionette	WARN	Deprecated preference marionette.defaultPrefs.enabled detected, please use marionette.enabled
1499161175498	Marionette	INFO	Listening on port 34859
1499161175658	Marionette	WARN	TLS certificate errors will be ignored for this session
1499161201870	geckodriver	INFO	Listening on 127.0.0.1:56089
1499161202870	mozprofile::profile	INFO	Using profile path /tmp/rust_mozprofile.eslTzOAk2yX3
1499161202871	geckodriver::marionette	INFO	Starting browser /usr/bin/firefox
1499161202873	geckodriver::marionette	INFO	Connecting to Marionette on localhost:33191
1499161203428	Marionette	WARN	Deprecated preference marionette.defaultPrefs.enabled detected, please use marionette.enabled
1499161206697	Marionette	INFO	Listening on port 33191
1499161206844	Marionette	WARN	TLS certificate errors will be ignored for this session
1499161247889	Marionette	INFO	New connections will no longer be accepted
1499161282919	geckodriver	INFO	Listening on 127.0.0.1:35213
1499161283920	mozprofile::profile	INFO	Using profile path /tmp/rust_mozprofile.wnwdhLkWpGL6
1499161283921	geckodriver::marionette	INFO	Starting browser /usr/bin/firefox
1499161283923	geckodriver::marionette	INFO	Connecting to Marionette on localhost:42589
1499161284523	Marionette	WARN	Deprecated preference marionette.defaultPrefs.enabled detected, please use marionette.enabled
1499161288144	Marionette	INFO	Listening on port 42589
1499161288308	Marionette	WARN	TLS certificate errors will be ignored for this session
1499161329145	Marionette	INFO	New connections will no longer be accepted
1499162422140	geckodriver	INFO	Listening on 127.0.0.1:52409
1499162423140	mozprofile::profile	INFO	Using profile path /tmp/rust_mozprofile.bHoBPAEeTnSc
1499162423141	geckodriver::marionette	INFO	Starting browser /usr/bin/firefox
1499162423143	geckodriver::marionette	INFO	Connecting to Marionette on localhost:34535
1499162423732	Marionette	WARN	Deprecated preference marionette.defaultPrefs.enabled detected, please use marionette.enabled
1499162427055	Marionette	INFO	Listening on port 34535
1499162427201	Marionette	WARN	TLS certificate errors will be ignored for this session
1499162524709	geckodriver	INFO	Listening on 127.0.0.1:43397
1499162525708	mozprofile::profile	INFO	Using profile path /tmp/rust_mozprofile.ciO5X7sIFYjc
1499162525708	geckodriver::marionette	INFO	Starting browser /usr/bin/firefox
1499162525710	geckodriver::marionette	INFO	Connecting to Marionette on localhost:42013
1499162526273	Marionette	WARN	Deprecated preference marionette.defaultPrefs.enabled detected, please use marionette.enabled
1499162529498	Marionette	INFO	Listening on port 42013
1499162529588	Marionette	WARN	TLS certificate errors will be ignored for this session
1499162534211	Marionette	INFO	Ceased listening
1499162559455	Marionette	INFO	New connections will no longer be accepted
1499182557719	geckodriver	INFO	Listening on 127.0.0.1:48655
1499182558641	mozprofile::profile	INFO	Using profile path /tmp/rust_mozprofile.9DABmocE4RmA
1499182558643	geckodriver::marionette	INFO	Starting browser /usr/bin/firefox
1499182558645	geckodriver::marionette	INFO	Connecting to Marionette on localhost:38737
1499182559202	Marionette	WARN	Deprecated preference marionette.defaultPrefs.enabled detected, please use marionette.enabled
1499182562507	Marionette	INFO	Listening on port 38737
1499182562681	Marionette	WARN	TLS certificate errors will be ignored for this session
1499182624663	addons.productaddons	WARN	Failed downloading via XHR, status: 0, reason: error
1499182859716	Marionette	INFO	Ceased listening
1499234137631	geckodriver	INFO	Listening on 127.0.0.1:57301
1499234138631	mozprofile::profile	INFO	Using profile path /tmp/rust_mozprofile.L7hGJ4brvXHL
1499234138632	geckodriver::marionette	INFO	Starting browser /usr/bin/firefox
1499234138634	geckodriver::marionette	INFO	Connecting to Marionette on localhost:44635
1499234139278	Marionette	WARN	Deprecated preference marionette.defaultPrefs.enabled detected, please use marionette.enabled
1499234144646	Marionette	INFO	Listening on port 44635
1499234144704	Marionette	WARN	TLS certificate errors will be ignored for this session
1499234228037	Marionette	INFO	Ceased listening
1499234370014	geckodriver	INFO	Listening on 127.0.0.1:37401
1499234371014	mozprofile::profile	INFO	Using profile path /tmp/rust_mozprofile.Wx67Gayc7t1Q
1499234371014	geckodriver::marionette	INFO	Starting browser /usr/bin/firefox
1499234371017	geckodriver::marionette	INFO	Connecting to Marionette on localhost:32917
1499234371566	Marionette	WARN	Deprecated preference marionette.defaultPrefs.enabled detected, please use marionette.enabled
1499234374830	Marionette	INFO	Listening on port 32917
1499234374972	Marionette	WARN	TLS certificate errors will be ignored for this session
1499234439854	addons.productaddons	WARN	Failed downloading via XHR, status: 0, reason: error
1499234440233	Marionette	INFO	Ceased listening
1499234544009	geckodriver	INFO	Listening on 127.0.0.1:34091
1499234545009	mozprofile::profile	INFO	Using profile path /tmp/rust_mozprofile.MFOUILaazNWi
1499234545010	geckodriver::marionette	INFO	Starting browser /usr/bin/firefox
1499234545012	geckodriver::marionette	INFO	Connecting to Marionette on localhost:33759
1499234545621	Marionette	WARN	Deprecated preference marionette.defaultPrefs.enabled detected, please use marionette.enabled
1499234548981	Marionette	INFO	Listening on port 33759
1499234549123	Marionette	WARN	TLS certificate errors will be ignored for this session
1499234617269	Marionette	INFO	Ceased listening
1499234740588	geckodriver	INFO	Listening on 127.0.0.1:56315
1499234741587	mozprofile::profile	INFO	Using profile path /tmp/rust_mozprofile.KbQ7bDuZPcn8
1499234741588	geckodriver::marionette	INFO	Starting browser /usr/bin/firefox
1499234741590	geckodriver::marionette	INFO	Connecting to Marionette on localhost:33615
1499234742123	Marionette	WARN	Deprecated preference marionette.defaultPrefs.enabled detected, please use marionette.enabled
1499234745447	Marionette	INFO	Listening on port 33615
1499234745601	Marionette	WARN	TLS certificate errors will be ignored for this session
1499234793715	Marionette	INFO	Ceased listening
1499235059258	geckodriver	INFO	Listening on 127.0.0.1:56883
1499235060257	mozprofile::profile	INFO	Using profile path /tmp/rust_mozprofile.7uMoysU5bEsC
1499235060258	geckodriver::marionette	INFO	Starting browser /usr/bin/firefox
1499235060261	geckodriver::marionette	INFO	Connecting to Marionette on localhost:45085
1499235060863	Marionette	WARN	Deprecated preference marionette.defaultPrefs.enabled detected, please use marionette.enabled
1499235064101	Marionette	INFO	Listening on port 45085
1499235064255	Marionette	WARN	TLS certificate errors will be ignored for this session
1499235121652	Marionette	INFO	Ceased listening
1499235149568	geckodriver	INFO	Listening on 127.0.0.1:37379
1499235150567	mozprofile::profile	INFO	Using profile path /tmp/rust_mozprofile.g0I8UNu2ZXDo
1499235150568	geckodriver::marionette	INFO	Starting browser /usr/bin/firefox
1499235150570	geckodriver::marionette	INFO	Connecting to Marionette on localhost:32965
1499235151100	Marionette	WARN	Deprecated preference marionette.defaultPrefs.enabled detected, please use marionette.enabled
1499235155004	Marionette	INFO	Listening on port 32965
1499235155094	Marionette	WARN	TLS certificate errors will be ignored for this session
1499235218293	addons.productaddons	WARN	Failed downloading via XHR, status: 0, reason: error
1499235218707	Marionette	INFO	Ceased listening
1499235243613	geckodriver	INFO	Listening on 127.0.0.1:58525
1499235244613	mozprofile::profile	INFO	Using profile path /tmp/rust_mozprofile.Tsdj1a5CR04X
1499235244614	geckodriver::marionette	INFO	Starting browser /usr/bin/firefox
1499235244616	geckodriver::marionette	INFO	Connecting to Marionette on localhost:35021
1499235245170	Marionette	WARN	Deprecated preference marionette.defaultPrefs.enabled detected, please use marionette.enabled
1499235248691	Marionette	INFO	Listening on port 35021
1499235248845	Marionette	WARN	TLS certificate errors will be ignored for this session
1499235282630	Marionette	INFO	New connections will no longer be accepted
1499235382663	geckodriver	INFO	Listening on 127.0.0.1:58287
1499235383663	mozprofile::profile	INFO	Using profile path /tmp/rust_mozprofile.Rp6jCS8NWbhp
1499235383664	geckodriver::marionette	INFO	Starting browser /usr/bin/firefox
1499235383666	geckodriver::marionette	INFO	Connecting to Marionette on localhost:40505
1499235384250	Marionette	WARN	Deprecated preference marionette.defaultPrefs.enabled detected, please use marionette.enabled
1499235387458	Marionette	INFO	Listening on port 40505
1499235387758	Marionette	WARN	TLS certificate errors will be ignored for this session
1499235420646	Marionette	INFO	New connections will no longer be accepted
1499235443316	geckodriver	INFO	Listening on 127.0.0.1:44943
1499235444315	mozprofile::profile	INFO	Using profile path /tmp/rust_mozprofile.OSJiZTUKGuCq
1499235444316	geckodriver::marionette	INFO	Starting browser /usr/bin/firefox
1499235444318	geckodriver::marionette	INFO	Connecting to Marionette on localhost:43399
1499235444973	Marionette	WARN	Deprecated preference marionette.defaultPrefs.enabled detected, please use marionette.enabled
1499235448466	Marionette	INFO	Listening on port 43399
1499235448591	Marionette	WARN	TLS certificate errors will be ignored for this session
1499235483993	Marionette	INFO	New connections will no longer be accepted
1499235605910	geckodriver	INFO	Listening on 127.0.0.1:56067
1499235606907	mozprofile::profile	INFO	Using profile path /tmp/rust_mozprofile.e7uQZpKll2re
1499235606908	geckodriver::marionette	INFO	Starting browser /usr/bin/firefox
1499235606911	geckodriver::marionette	INFO	Connecting to Marionette on localhost:39205
1499235607525	Marionette	WARN	Deprecated preference marionette.defaultPrefs.enabled detected, please use marionette.enabled
1499235610963	Marionette	INFO	Listening on port 39205
1499235611106	Marionette	WARN	TLS certificate errors will be ignored for this session
1499235652697	Marionette	INFO	New connections will no longer be accepted
1499236052866	geckodriver	INFO	Listening on 127.0.0.1:58445
1499236053865	mozprofile::profile	INFO	Using profile path /tmp/rust_mozprofile.djiH2q0sm8th
1499236053866	geckodriver::marionette	INFO	Starting browser /usr/bin/firefox
1499236053868	geckodriver::marionette	INFO	Connecting to Marionette on localhost:33213
1499236054397	Marionette	WARN	Deprecated preference marionette.defaultPrefs.enabled detected, please use marionette.enabled
1499236057750	Marionette	INFO	Listening on port 33213
1499236057806	Marionette	WARN	TLS certificate errors will be ignored for this session
1499236093015	Marionette	INFO	New connections will no longer be accepted
1499236417244	geckodriver	INFO	Listening on 127.0.0.1:39947
1499236418243	mozprofile::profile	INFO	Using profile path /tmp/rust_mozprofile.G8bvg0ZdHQXi
1499236418244	geckodriver::marionette	INFO	Starting browser /usr/bin/firefox
1499236418246	geckodriver::marionette	INFO	Connecting to Marionette on localhost:44497
1499236418854	Marionette	WARN	Deprecated preference marionette.defaultPrefs.enabled detected, please use marionette.enabled
1499236422112	Marionette	INFO	Listening on port 44497
1499236422174	Marionette	WARN	TLS certificate errors will be ignored for this session
1499236456535	Marionette	INFO	New connections will no longer be accepted
1499236474779	geckodriver	INFO	Listening on 127.0.0.1:41461
1499236475779	mozprofile::profile	INFO	Using profile path /tmp/rust_mozprofile.YgTJAnWTzGwu
1499236475780	geckodriver::marionette	INFO	Starting browser /usr/bin/firefox
1499236475782	geckodriver::marionette	INFO	Connecting to Marionette on localhost:37477
1499236476356	Marionette	WARN	Deprecated preference marionette.defaultPrefs.enabled detected, please use marionette.enabled
1499236479583	Marionette	INFO	Listening on port 37477
1499236479642	Marionette	WARN	TLS certificate errors will be ignored for this session
1499236513022	Marionette	INFO	New connections will no longer be accepted
1499236566243	geckodriver	INFO	Listening on 127.0.0.1:53643
1499236567243	mozprofile::profile	INFO	Using profile path /tmp/rust_mozprofile.hSJXLG379UX0
1499236567244	geckodriver::marionette	INFO	Starting browser /usr/bin/firefox
1499236567246	geckodriver::marionette	INFO	Connecting to Marionette on localhost:45089
1499236567800	Marionette	WARN	Deprecated preference marionette.defaultPrefs.enabled detected, please use marionette.enabled
1499236571228	Marionette	INFO	Listening on port 45089
1499236571280	Marionette	WARN	TLS certificate errors will be ignored for this session
1499236611718	Marionette	INFO	New connections will no longer be accepted
1499236686778	geckodriver	INFO	Listening on 127.0.0.1:46385
1499236687778	mozprofile::profile	INFO	Using profile path /tmp/rust_mozprofile.7UPaaSKAY2KE
1499236687778	geckodriver::marionette	INFO	Starting browser /usr/bin/firefox
1499236687781	geckodriver::marionette	INFO	Connecting to Marionette on localhost:39201
1499236688580	Marionette	WARN	Deprecated preference marionette.defaultPrefs.enabled detected, please use marionette.enabled
1499236692116	Marionette	INFO	Listening on port 39201
1499236692266	Marionette	WARN	TLS certificate errors will be ignored for this session
1499236729177	Marionette	INFO	New connections will no longer be accepted
1499236771700	geckodriver	INFO	Listening on 127.0.0.1:36377
1499236772700	mozprofile::profile	INFO	Using profile path /tmp/rust_mozprofile.QgOxJzvjWP82
1499236772700	geckodriver::marionette	INFO	Starting browser /usr/bin/firefox
1499236772703	geckodriver::marionette	INFO	Connecting to Marionette on localhost:33209
1499236773360	Marionette	WARN	Deprecated preference marionette.defaultPrefs.enabled detected, please use marionette.enabled
1499236776762	Marionette	INFO	Listening on port 33209
1499236776890	Marionette	WARN	TLS certificate errors will be ignored for this session
1499236804947	Marionette	INFO	New connections will no longer be accepted
1499237394219	geckodriver	INFO	Listening on 127.0.0.1:47287
1499237395219	mozprofile::profile	INFO	Using profile path /tmp/rust_mozprofile.JrFnJ4DJgDTR
1499237395220	geckodriver::marionette	INFO	Starting browser /usr/bin/firefox
1499237395222	geckodriver::marionette	INFO	Connecting to Marionette on localhost:45203
1499237395778	Marionette	WARN	Deprecated preference marionette.defaultPrefs.enabled detected, please use marionette.enabled
1499237398893	Marionette	INFO	Listening on port 45203
1499237398944	Marionette	WARN	TLS certificate errors will be ignored for this session
1499237434569	Marionette	INFO	New connections will no longer be accepted
1499237564345	geckodriver	INFO	Listening on 127.0.0.1:42323
1499237565345	mozprofile::profile	INFO	Using profile path /tmp/rust_mozprofile.XsZQNLL9IXVi
1499237565346	geckodriver::marionette	INFO	Starting browser /usr/bin/firefox
1499237565348	geckodriver::marionette	INFO	Connecting to Marionette on localhost:40629
1499237565915	Marionette	WARN	Deprecated preference marionette.defaultPrefs.enabled detected, please use marionette.enabled
1499237569274	Marionette	INFO	Listening on port 40629
1499237569415	Marionette	WARN	TLS certificate errors will be ignored for this session
1499237610715	Marionette	INFO	New connections will no longer be accepted
1499238106550	geckodriver	INFO	Listening on 127.0.0.1:41417
1499238107550	mozprofile::profile	INFO	Using profile path /tmp/rust_mozprofile.VHiow8Z4Np7R
1499238107550	geckodriver::marionette	INFO	Starting browser /usr/bin/firefox
1499238107553	geckodriver::marionette	INFO	Connecting to Marionette on localhost:40935
1499238108219	Marionette	WARN	Deprecated preference marionette.defaultPrefs.enabled detected, please use marionette.enabled
1499238111672	Marionette	INFO	Listening on port 40935
1499238111823	Marionette	WARN	TLS certificate errors will be ignored for this session
1499238148625	Marionette	INFO	New connections will no longer be accepted
1499238930436	geckodriver	INFO	Listening on 127.0.0.1:59833
1499238931435	mozprofile::profile	INFO	Using profile path /tmp/rust_mozprofile.LxnhPSS1GQu4
1499238931436	geckodriver::marionette	INFO	Starting browser /usr/bin/firefox
1499238931439	geckodriver::marionette	INFO	Connecting to Marionette on localhost:35075
1499238931977	Marionette	WARN	Deprecated preference marionette.defaultPrefs.enabled detected, please use marionette.enabled
1499238935316	Marionette	INFO	Listening on port 35075
1499238935371	Marionette	WARN	TLS certificate errors will be ignored for this session
1499238969608	Marionette	INFO	New connections will no longer be accepted
1499238986402	geckodriver	INFO	Listening on 127.0.0.1:59879
1499238987398	mozprofile::profile	INFO	Using profile path /tmp/rust_mozprofile.0UNAQrdAmvCT
1499238987399	geckodriver::marionette	INFO	Starting browser /usr/bin/firefox
1499238987402	geckodriver::marionette	INFO	Connecting to Marionette on localhost:43953
1499238988003	Marionette	WARN	Deprecated preference marionette.defaultPrefs.enabled detected, please use marionette.enabled
1499238991358	Marionette	INFO	Listening on port 43953
1499238991508	Marionette	WARN	TLS certificate errors will be ignored for this session
1499239030809	Marionette	INFO	New connections will no longer be accepted
1499239053087	geckodriver	INFO	Listening on 127.0.0.1:42357
1499239054086	mozprofile::profile	INFO	Using profile path /tmp/rust_mozprofile.pIvHbEU3gnR0
1499239054087	geckodriver::marionette	INFO	Starting browser /usr/bin/firefox
1499239054090	geckodriver::marionette	INFO	Connecting to Marionette on localhost:43233
1499239054646	Marionette	WARN	Deprecated preference marionette.defaultPrefs.enabled detected, please use marionette.enabled
1499239057893	Marionette	INFO	Listening on port 43233
1499239058306	Marionette	WARN	TLS certificate errors will be ignored for this session
1499239097323	Marionette	INFO	New connections will no longer be accepted
1499239309353	geckodriver	INFO	Listening on 127.0.0.1:36913
1499239310355	mozprofile::profile	INFO	Using profile path /tmp/rust_mozprofile.3NOJ3AF8W9ze
1499239310356	geckodriver::marionette	INFO	Starting browser /usr/bin/firefox
1499239310359	geckodriver::marionette	INFO	Connecting to Marionette on localhost:34319
1499239310953	Marionette	WARN	Deprecated preference marionette.defaultPrefs.enabled detected, please use marionette.enabled
1499239314305	Marionette	INFO	Listening on port 34319
1499239314437	Marionette	WARN	TLS certificate errors will be ignored for this session
1499239358755	Marionette	INFO	New connections will no longer be accepted
1499239388279	geckodriver	INFO	Listening on 127.0.0.1:53703
1499239389278	mozprofile::profile	INFO	Using profile path /tmp/rust_mozprofile.27RotOQ0Zoqq
1499239389279	geckodriver::marionette	INFO	Starting browser /usr/bin/firefox
1499239389282	geckodriver::marionette	INFO	Connecting to Marionette on localhost:44499
1499239389891	Marionette	WARN	Deprecated preference marionette.defaultPrefs.enabled detected, please use marionette.enabled
1499239393014	Marionette	INFO	Listening on port 44499
1499239393303	Marionette	WARN	TLS certificate errors will be ignored for this session
1499239434791	Marionette	INFO	New connections will no longer be accepted
1499239461444	geckodriver	INFO	Listening on 127.0.0.1:55673
1499239462444	mozprofile::profile	INFO	Using profile path /tmp/rust_mozprofile.EhEuLQPPUiGD
1499239462445	geckodriver::marionette	INFO	Starting browser /usr/bin/firefox
1499239462448	geckodriver::marionette	INFO	Connecting to Marionette on localhost:35827
1499239463096	Marionette	WARN	Deprecated preference marionette.defaultPrefs.enabled detected, please use marionette.enabled
1499239466459	Marionette	INFO	Listening on port 35827
1499239466615	Marionette	WARN	TLS certificate errors will be ignored for this session
1499239511532	Marionette	INFO	New connections will no longer be accepted
1499239690903	geckodriver	INFO	Listening on 127.0.0.1:54797
1499239691902	mozprofile::profile	INFO	Using profile path /tmp/rust_mozprofile.DJpRv7VosFYW
1499239691903	geckodriver::marionette	INFO	Starting browser /usr/bin/firefox
1499239691906	geckodriver::marionette	INFO	Connecting to Marionette on localhost:39303
1499239692464	Marionette	WARN	Deprecated preference marionette.defaultPrefs.enabled detected, please use marionette.enabled
1499239695786	Marionette	INFO	Listening on port 39303
1499239695842	Marionette	WARN	TLS certificate errors will be ignored for this session
1499239735059	Marionette	INFO	New connections will no longer be accepted
1499239813674	geckodriver	INFO	Listening on 127.0.0.1:38531
1499239814673	mozprofile::profile	INFO	Using profile path /tmp/rust_mozprofile.KqrDgN7ZhuHq
1499239814674	geckodriver::marionette	INFO	Starting browser /usr/bin/firefox
1499239814677	geckodriver::marionette	INFO	Connecting to Marionette on localhost:41269
1499239815240	Marionette	WARN	Deprecated preference marionette.defaultPrefs.enabled detected, please use marionette.enabled
1499239818324	Marionette	INFO	Listening on port 41269
1499239818452	Marionette	WARN	TLS certificate errors will be ignored for this session
1499239863421	Marionette	INFO	New connections will no longer be accepted
1499240274155	geckodriver	INFO	Listening on 127.0.0.1:44719
1499240275155	mozprofile::profile	INFO	Using profile path /tmp/rust_mozprofile.lRYgDtcjGjFx
1499240275156	geckodriver::marionette	INFO	Starting browser /usr/bin/firefox
1499240275159	geckodriver::marionette	INFO	Connecting to Marionette on localhost:43243
1499240275687	Marionette	WARN	Deprecated preference marionette.defaultPrefs.enabled detected, please use marionette.enabled
1499240278883	Marionette	INFO	Listening on port 43243
1499240279030	Marionette	WARN	TLS certificate errors will be ignored for this session
1499240313687	Marionette	INFO	New connections will no longer be accepted
1499240428003	geckodriver	INFO	Listening on 127.0.0.1:49573
1499240429003	mozprofile::profile	INFO	Using profile path /tmp/rust_mozprofile.OGFEeBrV9aF3
1499240429004	geckodriver::marionette	INFO	Starting browser /usr/bin/firefox
1499240429007	geckodriver::marionette	INFO	Connecting to Marionette on localhost:36509
1499240429546	Marionette	WARN	Deprecated preference marionette.defaultPrefs.enabled detected, please use marionette.enabled
1499240432845	Marionette	INFO	Listening on port 36509
1499240432993	Marionette	WARN	TLS certificate errors will be ignored for this session
1499240469786	Marionette	INFO	New connections will no longer be accepted
1499240955779	geckodriver	INFO	Listening on 127.0.0.1:49347
1499240956779	mozprofile::profile	INFO	Using profile path /tmp/rust_mozprofile.qEVcNl7L9LJN
1499240956780	geckodriver::marionette	INFO	Starting browser /usr/bin/firefox
1499240956782	geckodriver::marionette	INFO	Connecting to Marionette on localhost:46145
1499240957363	Marionette	WARN	Deprecated preference marionette.defaultPrefs.enabled detected, please use marionette.enabled
1499240960934	Marionette	INFO	Listening on port 46145
1499240961115	Marionette	WARN	TLS certificate errors will be ignored for this session
JavaScript error: https://www.instagram.com/static/bundles/en_US_Commons.js/135da004852d.js, line 1: Error: Loading chunk 3 failed.
JavaScript error: https://www.instagram.com/static/bundles/en_US_Commons.js/135da004852d.js, line 1: Error: Loading chunk 3 failed.
JavaScript error: https://www.instagram.com/static/bundles/en_US_Commons.js/135da004852d.js, line 1: Error: Loading chunk 3 failed.
JavaScript error: https://www.instagram.com/static/bundles/en_US_Commons.js/135da004852d.js, line 1: Error: Loading chunk 3 failed.
1499241119026	geckodriver	INFO	Listening on 127.0.0.1:40413
1499241120025	mozprofile::profile	INFO	Using profile path /tmp/rust_mozprofile.s7g3hbsaziJ2
1499241120026	geckodriver::marionette	INFO	Starting browser /usr/bin/firefox
1499241120028	geckodriver::marionette	INFO	Connecting to Marionette on localhost:37005
1499241120604	Marionette	WARN	Deprecated preference marionette.defaultPrefs.enabled detected, please use marionette.enabled
1499241124026	Marionette	INFO	Listening on port 37005
1499241124079	Marionette	WARN	TLS certificate errors will be ignored for this session
1499241140891	Marionette	INFO	New connections will no longer be accepted
1499241479497	geckodriver	INFO	Listening on 127.0.0.1:42187
1499241480495	mozprofile::profile	INFO	Using profile path /tmp/rust_mozprofile.OapNFpnbTcTw
1499241480496	geckodriver::marionette	INFO	Starting browser /usr/bin/firefox
1499241480498	geckodriver::marionette	INFO	Connecting to Marionette on localhost:32975
1499241481052	Marionette	WARN	Deprecated preference marionette.defaultPrefs.enabled detected, please use marionette.enabled
1499241484296	Marionette	INFO	Listening on port 32975
1499241484346	Marionette	WARN	TLS certificate errors will be ignored for this session
1499241559382	Marionette	INFO	New connections will no longer be accepted
1499241806017	geckodriver	INFO	Listening on 127.0.0.1:43245
1499241807016	mozprofile::profile	INFO	Using profile path /tmp/rust_mozprofile.mCi4HuS2ADal
1499241807017	geckodriver::marionette	INFO	Starting browser /usr/bin/firefox
1499241807019	geckodriver::marionette	INFO	Connecting to Marionette on localhost:43985
1499241807695	Marionette	WARN	Deprecated preference marionette.defaultPrefs.enabled detected, please use marionette.enabled
1499241811093	Marionette	INFO	Listening on port 43985
1499241811256	Marionette	WARN	TLS certificate errors will be ignored for this session
1499241836602	Marionette	INFO	New connections will no longer be accepted
1499241914632	geckodriver	INFO	Listening on 127.0.0.1:48799
1499241915630	mozprofile::profile	INFO	Using profile path /tmp/rust_mozprofile.duP3B4S2ffC6
1499241915631	geckodriver::marionette	INFO	Starting browser /usr/bin/firefox
1499241915633	geckodriver::marionette	INFO	Connecting to Marionette on localhost:44517
1499241916244	Marionette	WARN	Deprecated preference marionette.defaultPrefs.enabled detected, please use marionette.enabled
1499241919584	Marionette	INFO	Listening on port 44517
1499241919723	Marionette	WARN	TLS certificate errors will be ignored for this session
1499241946223	Marionette	INFO	New connections will no longer be accepted
1499242088077	geckodriver	INFO	Listening on 127.0.0.1:55371
1499242089077	mozprofile::profile	INFO	Using profile path /tmp/rust_mozprofile.Zn3tPZ3jYuhQ
1499242089077	geckodriver::marionette	INFO	Starting browser /usr/bin/firefox
1499242089079	geckodriver::marionette	INFO	Connecting to Marionette on localhost:41421
1499242089840	Marionette	WARN	Deprecated preference marionette.defaultPrefs.enabled detected, please use marionette.enabled
1499242093097	Marionette	INFO	Listening on port 41421
1499242093231	Marionette	WARN	TLS certificate errors will be ignored for this session
1499242280325	Marionette	INFO	New connections will no longer be accepted
1499242455478	geckodriver	INFO	Listening on 127.0.0.1:58409
1499242456477	mozprofile::profile	INFO	Using profile path /tmp/rust_mozprofile.046BxsoZBx8R
1499242456478	geckodriver::marionette	INFO	Starting browser /usr/bin/firefox
1499242456480	geckodriver::marionette	INFO	Connecting to Marionette on localhost:39745
1499242457063	Marionette	WARN	Deprecated preference marionette.defaultPrefs.enabled detected, please use marionette.enabled
1499242460171	Marionette	INFO	Listening on port 39745
1499242460545	Marionette	WARN	TLS certificate errors will be ignored for this session
1499242486501	Marionette	INFO	New connections will no longer be accepted
1499242684867	geckodriver	INFO	Listening on 127.0.0.1:42305
1499242685866	mozprofile::profile	INFO	Using profile path /tmp/rust_mozprofile.1HERLUAFY2Fs
1499242685867	geckodriver::marionette	INFO	Starting browser /usr/bin/firefox
1499242685869	geckodriver::marionette	INFO	Connecting to Marionette on localhost:40773
1499242686405	Marionette	WARN	Deprecated preference marionette.defaultPrefs.enabled detected, please use marionette.enabled
1499242689387	Marionette	INFO	Listening on port 40773
1499242689763	Marionette	WARN	TLS certificate errors will be ignored for this session
1499242725651	Marionette	INFO	New connections will no longer be accepted
1499242767796	geckodriver	INFO	Listening on 127.0.0.1:49111
1499242768795	mozprofile::profile	INFO	Using profile path /tmp/rust_mozprofile.GM00CtT5u5WA
1499242768796	geckodriver::marionette	INFO	Starting browser /usr/bin/firefox
1499242768799	geckodriver::marionette	INFO	Connecting to Marionette on localhost:34477
1499242769359	Marionette	WARN	Deprecated preference marionette.defaultPrefs.enabled detected, please use marionette.enabled
1499242772471	Marionette	INFO	Listening on port 34477
1499242772526	Marionette	WARN	TLS certificate errors will be ignored for this session
1499242799112	Marionette	INFO	New connections will no longer be accepted
1499242908771	geckodriver	INFO	Listening on 127.0.0.1:34353
1499242909771	mozprofile::profile	INFO	Using profile path /tmp/rust_mozprofile.NZqsbHdiBJqZ
1499242909772	geckodriver::marionette	INFO	Starting browser /usr/bin/firefox
1499242909774	geckodriver::marionette	INFO	Connecting to Marionette on localhost:34181
1499242910311	Marionette	WARN	Deprecated preference marionette.defaultPrefs.enabled detected, please use marionette.enabled
1499242913689	Marionette	INFO	Listening on port 34181
1499242913793	Marionette	WARN	TLS certificate errors will be ignored for this session
1499242913828	Marionette	INFO	New connections will no longer be accepted
1499242969385	geckodriver	INFO	Listening on 127.0.0.1:51255
1499242970385	mozprofile::profile	INFO	Using profile path /tmp/rust_mozprofile.fWnKiZo3G0dY
1499242970386	geckodriver::marionette	INFO	Starting browser /usr/bin/firefox
1499242970388	geckodriver::marionette	INFO	Connecting to Marionette on localhost:37035
1499242970928	Marionette	WARN	Deprecated preference marionette.defaultPrefs.enabled detected, please use marionette.enabled
1499242973895	Marionette	INFO	Listening on port 37035
1499242974202	Marionette	WARN	TLS certificate errors will be ignored for this session
1499242974292	Marionette	INFO	New connections will no longer be accepted
1499243060912	geckodriver	INFO	Listening on 127.0.0.1:36197
1499243061912	mozprofile::profile	INFO	Using profile path /tmp/rust_mozprofile.RkG9saq3MbXr
1499243061912	geckodriver::marionette	INFO	Starting browser /usr/bin/firefox
1499243061914	geckodriver::marionette	INFO	Connecting to Marionette on localhost:39077
1499243062462	Marionette	WARN	Deprecated preference marionette.defaultPrefs.enabled detected, please use marionette.enabled
1499243065653	Marionette	INFO	Listening on port 39077
1499243065802	Marionette	WARN	TLS certificate errors will be ignored for this session
1499243092243	Marionette	INFO	New connections will no longer be accepted
1499243215410	geckodriver	INFO	Listening on 127.0.0.1:60543
1499243216409	mozprofile::profile	INFO	Using profile path /tmp/rust_mozprofile.c61EjDUF4X35
1499243216410	geckodriver::marionette	INFO	Starting browser /usr/bin/firefox
1499243216413	geckodriver::marionette	INFO	Connecting to Marionette on localhost:42283
1499243216992	Marionette	WARN	Deprecated preference marionette.defaultPrefs.enabled detected, please use marionette.enabled
1499243220283	Marionette	INFO	Listening on port 42283
1499243220336	Marionette	WARN	TLS certificate errors will be ignored for this session
1499243251252	Marionette	INFO	New connections will no longer be accepted
1499243288355	geckodriver	INFO	Listening on 127.0.0.1:56985
1499243289355	mozprofile::profile	INFO	Using profile path /tmp/rust_mozprofile.CiluPF8pAcLy
1499243289356	geckodriver::marionette	INFO	Starting browser /usr/bin/firefox
1499243289358	geckodriver::marionette	INFO	Connecting to Marionette on localhost:33867
1499243289884	Marionette	WARN	Deprecated preference marionette.defaultPrefs.enabled detected, please use marionette.enabled
1499243293122	Marionette	INFO	Listening on port 33867
1499243293270	Marionette	WARN	TLS certificate errors will be ignored for this session
1499243322957	Marionette	INFO	New connections will no longer be accepted
1499243376912	geckodriver	INFO	Listening on 127.0.0.1:54413
1499243377911	mozprofile::profile	INFO	Using profile path /tmp/rust_mozprofile.oJt7hYub3Oab
1499243377912	geckodriver::marionette	INFO	Starting browser /usr/bin/firefox
1499243377914	geckodriver::marionette	INFO	Connecting to Marionette on localhost:43813
1499243378479	Marionette	WARN	Deprecated preference marionette.defaultPrefs.enabled detected, please use marionette.enabled
1499243381998	Marionette	INFO	Listening on port 43813
1499243382655	Marionette	WARN	TLS certificate errors will be ignored for this session
1499243431135	Marionette	INFO	New connections will no longer be accepted
1499243475145	geckodriver	INFO	Listening on 127.0.0.1:51245
1499243476145	mozprofile::profile	INFO	Using profile path /tmp/rust_mozprofile.nkWxUcSna5Qi
1499243476146	geckodriver::marionette	INFO	Starting browser /usr/bin/firefox
1499243476148	geckodriver::marionette	INFO	Connecting to Marionette on localhost:41139
1499243476704	Marionette	WARN	Deprecated preference marionette.defaultPrefs.enabled detected, please use marionette.enabled
1499243479979	Marionette	INFO	Listening on port 41139
1499243480135	Marionette	WARN	TLS certificate errors will be ignored for this session
1499243540050	Marionette	INFO	New connections will no longer be accepted
1499243609008	geckodriver	INFO	Listening on 127.0.0.1:49197
1499243610008	mozprofile::profile	INFO	Using profile path /tmp/rust_mozprofile.8K47GmjlsFfu
1499243610009	geckodriver::marionette	INFO	Starting browser /usr/bin/firefox
1499243610011	geckodriver::marionette	INFO	Connecting to Marionette on localhost:38387
1499243610560	Marionette	WARN	Deprecated preference marionette.defaultPrefs.enabled detected, please use marionette.enabled
1499243613851	Marionette	INFO	Listening on port 38387
1499243613989	Marionette	WARN	TLS certificate errors will be ignored for this session
1499243640074	Marionette	INFO	New connections will no longer be accepted
1499243742998	geckodriver	INFO	Listening on 127.0.0.1:50373
1499243743997	mozprofile::profile	INFO	Using profile path /tmp/rust_mozprofile.5s0r77JdQ8ql
1499243743998	geckodriver::marionette	INFO	Starting browser /usr/bin/firefox
1499243744000	geckodriver::marionette	INFO	Connecting to Marionette on localhost:43535
1499243744563	Marionette	WARN	Deprecated preference marionette.defaultPrefs.enabled detected, please use marionette.enabled
1499243747736	Marionette	INFO	Listening on port 43535
1499243747879	Marionette	WARN	TLS certificate errors will be ignored for this session
1499243772924	Marionette	INFO	New connections will no longer be accepted
1499243854568	geckodriver	INFO	Listening on 127.0.0.1:33107
1499243855568	mozprofile::profile	INFO	Using profile path /tmp/rust_mozprofile.V0ySi2Pn4JGS
1499243855569	geckodriver::marionette	INFO	Starting browser /usr/bin/firefox
1499243855572	geckodriver::marionette	INFO	Connecting to Marionette on localhost:37545
1499243856142	Marionette	WARN	Deprecated preference marionette.defaultPrefs.enabled detected, please use marionette.enabled
1499243859313	Marionette	INFO	Listening on port 37545
1499243859459	Marionette	WARN	TLS certificate errors will be ignored for this session
1499243885257	Marionette	INFO	New connections will no longer be accepted
1499243980300	geckodriver	INFO	Listening on 127.0.0.1:44279
1499243981300	mozprofile::profile	INFO	Using profile path /tmp/rust_mozprofile.23YuUqQeanwM
1499243981301	geckodriver::marionette	INFO	Starting browser /usr/bin/firefox
1499243981303	geckodriver::marionette	INFO	Connecting to Marionette on localhost:36211
1499243981872	Marionette	WARN	Deprecated preference marionette.defaultPrefs.enabled detected, please use marionette.enabled
1499243985113	Marionette	INFO	Listening on port 36211
1499243985245	Marionette	WARN	TLS certificate errors will be ignored for this session
1499244009870	Marionette	INFO	New connections will no longer be accepted
1499244719918	geckodriver	INFO	Listening on 127.0.0.1:42933
1499244720918	mozprofile::profile	INFO	Using profile path /tmp/rust_mozprofile.Snh5cYmTgEeg
1499244720919	geckodriver::marionette	INFO	Starting browser /usr/bin/firefox
1499244720922	geckodriver::marionette	INFO	Connecting to Marionette on localhost:34363
1499244721617	Marionette	WARN	Deprecated preference marionette.defaultPrefs.enabled detected, please use marionette.enabled
1499244725115	Marionette	INFO	Listening on port 34363
1499244725180	Marionette	WARN	TLS certificate errors will be ignored for this session
1499244753596	Marionette	INFO	New connections will no longer be accepted
1499244791572	geckodriver	INFO	Listening on 127.0.0.1:48125
1499244792572	mozprofile::profile	INFO	Using profile path /tmp/rust_mozprofile.LGN6N3EKxaMg
1499244792572	geckodriver::marionette	INFO	Starting browser /usr/bin/firefox
1499244792575	geckodriver::marionette	INFO	Connecting to Marionette on localhost:37687
1499244793130	Marionette	WARN	Deprecated preference marionette.defaultPrefs.enabled detected, please use marionette.enabled
1499244796380	Marionette	INFO	Listening on port 37687
1499244796515	Marionette	WARN	TLS certificate errors will be ignored for this session
1499244841392	Marionette	INFO	New connections will no longer be accepted
1499244856019	geckodriver	INFO	Listening on 127.0.0.1:41993
1499244857019	mozprofile::profile	INFO	Using profile path /tmp/rust_mozprofile.aLVEuZSv70aV
1499244857020	geckodriver::marionette	INFO	Starting browser /usr/bin/firefox
1499244857023	geckodriver::marionette	INFO	Connecting to Marionette on localhost:39927
1499244857572	Marionette	WARN	Deprecated preference marionette.defaultPrefs.enabled detected, please use marionette.enabled
1499244860953	Marionette	INFO	Listening on port 39927
1499244861091	Marionette	WARN	TLS certificate errors will be ignored for this session
1499245030376	Marionette	INFO	New connections will no longer be accepted
1499245123414	geckodriver	INFO	Listening on 127.0.0.1:40493
1499245124414	mozprofile::profile	INFO	Using profile path /tmp/rust_mozprofile.5G7SLvpYgJfB
1499245124415	geckodriver::marionette	INFO	Starting browser /usr/bin/firefox
1499245124417	geckodriver::marionette	INFO	Connecting to Marionette on localhost:36695
1499245124966	Marionette	WARN	Deprecated preference marionette.defaultPrefs.enabled detected, please use marionette.enabled
1499245127940	Marionette	INFO	Listening on port 36695
1499245128319	Marionette	WARN	TLS certificate errors will be ignored for this session
1499245146279	Marionette	INFO	New connections will no longer be accepted
1499245249634	geckodriver	INFO	Listening on 127.0.0.1:43121
1499245250633	mozprofile::profile	INFO	Using profile path /tmp/rust_mozprofile.FI9KqWvmT53E
1499245250634	geckodriver::marionette	INFO	Starting browser /usr/bin/firefox
1499245250637	geckodriver::marionette	INFO	Connecting to Marionette on localhost:45955
1499245251228	Marionette	WARN	Deprecated preference marionette.defaultPrefs.enabled detected, please use marionette.enabled
1499245254602	Marionette	INFO	Listening on port 45955
1499245254662	Marionette	WARN	TLS certificate errors will be ignored for this session
1499245301446	Marionette	INFO	Ceased listening
1499245326635	geckodriver	INFO	Listening on 127.0.0.1:37915
1499245327635	mozprofile::profile	INFO	Using profile path /tmp/rust_mozprofile.wR7JiKtP8d4g
1499245327636	geckodriver::marionette	INFO	Starting browser /usr/bin/firefox
1499245327648	geckodriver::marionette	INFO	Connecting to Marionette on localhost:41221
1499245328226	Marionette	WARN	Deprecated preference marionette.defaultPrefs.enabled detected, please use marionette.enabled
1499245331442	Marionette	INFO	Listening on port 41221
1499245331496	Marionette	WARN	TLS certificate errors will be ignored for this session
JavaScript error: resource://gre/modules/LoginManagerParent.jsm, line 104: TypeError: this._recipeManager is null
console.warn: nsLoginManager: searchLogins: `formSubmitURL` or `httpRealm` is recommended
1499245568898	geckodriver	INFO	Listening on 127.0.0.1:57439
1499245569898	mozprofile::profile	INFO	Using profile path /tmp/rust_mozprofile.WtwpD1m5cTNZ
1499245569898	geckodriver::marionette	INFO	Starting browser /usr/bin/firefox
1499245569900	geckodriver::marionette	INFO	Connecting to Marionette on localhost:46137
1499245570433	Marionette	WARN	Deprecated preference marionette.defaultPrefs.enabled detected, please use marionette.enabled
1499245573780	Marionette	INFO	Listening on port 46137
1499245573833	Marionette	WARN	TLS certificate errors will be ignored for this session
1499245577428	Marionette	INFO	Ceased listening
1499245590820	Marionette	INFO	New connections will no longer be accepted
1499250540930	geckodriver	INFO	Listening on 127.0.0.1:33873
1499250542059	geckodriver::marionette	INFO	Starting browser /usr/bin/firefox with args ["-marionette"]
1499250545971	Marionette	INFO	Listening on port 42445
1499250546123	Marionette	WARN	TLS certificate errors will be ignored for this session
1499250577120	Marionette	INFO	New connections will no longer be accepted
1499250682627	geckodriver	INFO	Listening on 127.0.0.1:42369
1499250683736	geckodriver::marionette	INFO	Starting browser /usr/bin/firefox with args ["-marionette"]
1499250688147	Marionette	INFO	Listening on port 42471
1499250688285	Marionette	WARN	TLS certificate errors will be ignored for this session
1499250717154	Marionette	INFO	New connections will no longer be accepted
1499250733067	geckodriver	INFO	Listening on 127.0.0.1:33521
1499250734169	geckodriver::marionette	INFO	Starting browser /usr/bin/firefox with args ["-marionette"]
1499250737983	Marionette	INFO	Listening on port 45651
1499250738123	Marionette	WARN	TLS certificate errors will be ignored for this session
1499250770486	Marionette	INFO	New connections will no longer be accepted
1499250814196	geckodriver	INFO	Listening on 127.0.0.1:44351
1499250815301	geckodriver::marionette	INFO	Starting browser /usr/bin/firefox with args ["-marionette"]
1499250819303	Marionette	INFO	Listening on port 39115
1499250819595	Marionette	WARN	TLS certificate errors will be ignored for this session
1499250856296	Marionette	INFO	New connections will no longer be accepted
1499250942246	geckodriver	INFO	Listening on 127.0.0.1:43655
1499250943357	geckodriver::marionette	INFO	Starting browser /usr/bin/firefox with args ["-marionette"]
1499250947105	Marionette	INFO	Listening on port 37421
1499250947262	Marionette	WARN	TLS certificate errors will be ignored for this session
1499250991379	Marionette	INFO	New connections will no longer be accepted
1499325283735	geckodriver	INFO	Listening on 127.0.0.1:35383
1499325284844	geckodriver::marionette	INFO	Starting browser /usr/bin/firefox with args ["-marionette"]
1499325288785	Marionette	INFO	Listening on port 43781
1499325288919	Marionette	WARN	TLS certificate errors will be ignored for this session
1499325311617	Marionette	INFO	New connections will no longer be accepted
1499325377497	geckodriver	INFO	Listening on 127.0.0.1:43417
1499325378598	geckodriver::marionette	INFO	Starting browser /usr/bin/firefox with args ["-marionette"]
1499325382337	Marionette	INFO	Listening on port 33823
1499325382454	Marionette	WARN	TLS certificate errors will be ignored for this session
1499325405058	Marionette	INFO	New connections will no longer be accepted
1499325686536	geckodriver	INFO	Listening on 127.0.0.1:54123
1499325687643	geckodriver::marionette	INFO	Starting browser /usr/bin/firefox with args ["-marionette"]
1499325691833	Marionette	INFO	Listening on port 38477
1499325691884	Marionette	WARN	TLS certificate errors will be ignored for this session
1499325850211	geckodriver	INFO	Listening on 127.0.0.1:58901
1499325851320	geckodriver::marionette	INFO	Starting browser /usr/bin/firefox with args ["-marionette"]
1499325855394	Marionette	INFO	Listening on port 36263
1499325855447	Marionette	WARN	TLS certificate errors will be ignored for this session
1499329888984	geckodriver	INFO	Listening on 127.0.0.1:44821
1499329890087	geckodriver::marionette	INFO	Starting browser /usr/bin/firefox with args ["-marionette"]
1499329895345	Marionette	INFO	Listening on port 39591
1499329895490	Marionette	WARN	TLS certificate errors will be ignored for this session
